app/build/outputs/logs/manifest-merger-release-report.txt
-- Merging decision tree log ---
manifest
ADDED from src/main/AndroidManifest.xml:16:1-61:12
	package
		ADDED from src/main/AndroidManifest.xml:17:5-46
		INJECTED from src/main/AndroidManifest.xml
		INJECTED from src/main/AndroidManifest.xml
	xmlns:android
		ADDED from src/main/AndroidManifest.xml:16:11-69
original-package
ADDED from src/main/AndroidManifest.xml:19:9-76
	android:name
		ADDED from src/main/AndroidManifest.xml:19:27-73
uses-permission#android.permission.VIBRATE
ADDED from src/main/AndroidManifest.xml:21:9-69
	android:name
		ADDED from src/main/AndroidManifest.xml:21:26-67
uses-permission#android.permission.INTERNET
ADDED from src/main/AndroidManifest.xml:22:9-70
	android:name
		ADDED from src/main/AndroidManifest.xml:22:26-68
uses-permission#android.permission.READ_USER_DICTIONARY
ADDED from src/main/AndroidManifest.xml:23:9-82
	android:name
		ADDED from src/main/AndroidManifest.xml:23:26-80
uses-permission#android.permission.WRITE_USER_DICTIONARY
ADDED from src/main/AndroidManifest.xml:24:9-83
	android:name
		ADDED from src/main/AndroidManifest.xml:24:26-81
uses-permission#android.permission.READ_CONTACTS
ADDED from src/main/AndroidManifest.xml:25:9-75
	android:name
		ADDED from src/main/AndroidManifest.xml:25:26-73
application
ADDED from src/main/AndroidManifest.xml:27:9-60:23
	android:label
		ADDED from src/main/AndroidManifest.xml:28:11-43
	android:icon
		ADDED from src/main/AndroidManifest.xml:27:22-55
service#com.android.inputmethod.younian.PinyinDecoderService
ADDED from src/main/AndroidManifest.xml:29:13-35:23
	android:exported
		ADDED from src/main/AndroidManifest.xml:30:17-40
	android:name
		ADDED from src/main/AndroidManifest.xml:29:22-89
intent-filter#android.intent.category.DEFAULT+com.android.inputmethod.younian.Decoder_Service
ADDED from src/main/AndroidManifest.xml:31:17-34:33
action#com.android.inputmethod.younian.Decoder_Service
ADDED from src/main/AndroidManifest.xml:32:21-94
	android:name
		ADDED from src/main/AndroidManifest.xml:32:29-91
category#android.intent.category.DEFAULT
ADDED from src/main/AndroidManifest.xml:33:21-80
	android:name
		ADDED from src/main/AndroidManifest.xml:33:31-77
service#com.android.inputmethod.younian.PinyinIME
ADDED from src/main/AndroidManifest.xml:37:13-44:23
	android:label
		ADDED from src/main/AndroidManifest.xml:38:17-49
	android:permission
		ADDED from src/main/AndroidManifest.xml:39:21-78
	android:name
		ADDED from src/main/AndroidManifest.xml:37:22-78
intent-filter#android.view.InputMethod
ADDED from src/main/AndroidManifest.xml:40:17-42:33
action#android.view.InputMethod
ADDED from src/main/AndroidManifest.xml:41:21-71
	android:name
		ADDED from src/main/AndroidManifest.xml:41:29-68
meta-data#android.view.im
ADDED from src/main/AndroidManifest.xml:43:17-92
	android:resource
		ADDED from src/main/AndroidManifest.xml:43:59-89
	android:name
		ADDED from src/main/AndroidManifest.xml:43:28-58
activity#com.android.inputmethod.younian.SettingsActivity
ADDED from src/main/AndroidManifest.xml:46:13-51:24
	android:label
		ADDED from src/main/AndroidManifest.xml:47:17-67
	android:name
		ADDED from src/main/AndroidManifest.xml:46:23-86
intent-filter#android.intent.action.MAIN
ADDED from src/main/AndroidManifest.xml:48:17-50:33
action#android.intent.action.MAIN
ADDED from src/main/AndroidManifest.xml:49:21-72
	android:name
		ADDED from src/main/AndroidManifest.xml:49:29-70
activity#com.android.inputmethod.younian.ShuangPinActivity
ADDED from src/main/AndroidManifest.xml:53:13-58:24
	android:label
		ADDED from src/main/AndroidManifest.xml:54:17-68
	android:name
		ADDED from src/main/AndroidManifest.xml:53:23-87
intent-filter#android.intent.action.VIEW
ADDED from src/main/AndroidManifest.xml:55:17-57:33
action#android.intent.action.VIEW
ADDED from src/main/AndroidManifest.xml:56:21-72
	android:name
		ADDED from src/main/AndroidManifest.xml:56:29-70